RXSDK/RXSDK-Demo/RXSDKDemo-Android/app/build/intermediates/manifest_merge_blame_file/debug/manifest-merger-blame-debug-report.txt
1<?xml version="1.0" encoding="utf-8"?>
2<manifest xmlns:android="http://schemas.android.com/apk/res/android"
3    package="com.ruixue.rxsdkdemo"
4    android:versionCode="1"
5    android:versionName="1.0.0" >
6
7    <uses-sdk
8        android:minSdkVersion="21"
8-->src/main/AndroidManifest.xml
9        android:targetSdkVersion="33" />
9-->src/main/AndroidManifest.xml
10
11    <uses-permission android:name="android.permission.INTERNET" />
11-->src/main/AndroidManifest.xml:5:5-67
11-->src/main/AndroidManifest.xml:5:22-64
12
13    <!-- Android 11+ 需要声明要查询的包名 -->
14    <queries>
14-->src/main/AndroidManifest.xml:8:5-10:15
15        <package android:name="com.ruixue.rxsdkdemo.overseas" />
15-->src/main/AndroidManifest.xml:9:9-65
15-->src/main/AndroidManifest.xml:9:18-62
16        <package android:name="com.tencent.mm" /> <!-- 正式环境 -->
16-->[com.ruixue:rxsdk_weile:3.7.36-beta1] AndroidManifest.xml:10:9-50
16-->[com.ruixue:rxsdk_weile:3.7.36-beta1] AndroidManifest.xml:10:18-47
17        <package android:name="com.eg.android.AlipayGphone" /> <!-- 沙箱环境 -->
17-->[com.ruixue:rxsdk_weile:3.7.36-beta1] AndroidManifest.xml:12:9-63
17-->[com.ruixue:rxsdk_weile:3.7.36-beta1] AndroidManifest.xml:12:18-60
18        <package android:name="com.eg.android.AlipayGphoneRC" />
18-->[com.ruixue:rxsdk_weile:3.7.36-beta1] AndroidManifest.xml:14:9-65
18-->[com.ruixue:rxsdk_weile:3.7.36-beta1] AndroidManifest.xml:14:18-62
19        <package android:name="hk.alipay.wallet" /> <!-- google -->
19-->[com.ruixue:rxsdk_weile:3.7.36-beta1] AndroidManifest.xml:15:9-52
19-->[com.ruixue:rxsdk_weile:3.7.36-beta1] AndroidManifest.xml:15:18-49
20        <package android:name="com.google.android.gms" />
20-->[com.ruixue:rxsdk_base:3.7.36-beta1] AndroidManifest.xml:20:9-58
20-->[com.ruixue:rxsdk_base:3.7.36-beta1] AndroidManifest.xml:20:18-55
21        <package android:name="com.android.vending" /> <!-- freeme -->
21-->[com.ruixue:rxsdk_base:3.7.36-beta1] AndroidManifest.xml:21:9-55
21-->[com.ruixue:rxsdk_base:3.7.36-beta1] AndroidManifest.xml:21:18-52
22        <package android:name="com.android.creator" /> <!-- zte -->
22-->[com.ruixue:rxsdk_base:3.7.36-beta1] AndroidManifest.xml:23:9-55
22-->[com.ruixue:rxsdk_base:3.7.36-beta1] AndroidManifest.xml:23:18-52
23        <package android:name="com.mdid.msa" /> <!-- samsung -->
23-->[com.ruixue:rxsdk_base:3.7.36-beta1] AndroidManifest.xml:25:9-48
23-->[com.ruixue:rxsdk_base:3.7.36-beta1] AndroidManifest.xml:25:18-45
24        <package android:name="com.samsung.android.deviceidservice" /> <!-- coolpad -->
24-->[com.ruixue:rxsdk_base:3.7.36-beta1] AndroidManifest.xml:27:9-71
24-->[com.ruixue:rxsdk_base:3.7.36-beta1] AndroidManifest.xml:27:18-68
25        <package android:name="com.coolpad.deviceidsupport" /> <!-- oppo -->
25-->[com.ruixue:rxsdk_base:3.7.36-beta1] AndroidManifest.xml:29:9-63
25-->[com.ruixue:rxsdk_base:3.7.36-beta1] AndroidManifest.xml:29:18-60
26        <package android:name="com.heytap.openid" /> <!-- huawei -->
26-->[com.ruixue:rxsdk_base:3.7.36-beta1] AndroidManifest.xml:31:9-53
26-->[com.ruixue:rxsdk_base:3.7.36-beta1] AndroidManifest.xml:31:18-50
27        <package android:name="com.huawei.hwid" />
27-->[com.ruixue:rxsdk_base:3.7.36-beta1] AndroidManifest.xml:33:9-51
27-->[com.ruixue:rxsdk_base:3.7.36-beta1] AndroidManifest.xml:33:18-48
28        <package android:name="com.huawei.hwid.tv" />
28-->[com.ruixue:rxsdk_base:3.7.36-beta1] AndroidManifest.xml:34:9-54
28-->[com.ruixue:rxsdk_base:3.7.36-beta1] AndroidManifest.xml:34:18-51
29        <package android:name="com.huawei.hms" /> <!-- asus -->
29-->[com.ruixue:rxsdk_base:3.7.36-beta1] AndroidManifest.xml:35:9-50
29-->[com.ruixue:rxsdk_base:3.7.36-beta1] AndroidManifest.xml:35:18-47
30        <package android:name="com.asus.msa.SupplementaryDID" /> <!-- lenovo -->
30-->[com.ruixue:rxsdk_base:3.7.36-beta1] AndroidManifest.xml:37:9-65
30-->[com.ruixue:rxsdk_base:3.7.36-beta1] AndroidManifest.xml:37:18-62
31        <package android:name="com.zui.deviceidservice" />
31-->[com.ruixue:rxsdk_base:3.7.36-beta1] AndroidManifest.xml:39:9-59
31-->[com.ruixue:rxsdk_base:3.7.36-beta1] AndroidManifest.xml:39:18-56
32    </queries>
33
34    <!-- 网络访问 -->
35    <uses-permission android:name="android.permission.ACCESS_WIFI_STATE" /> <!-- 检查wifi网络状态 -->
35-->[com.ruixue:rxsdk_alimobile:3.7.36-beta1] AndroidManifest.xml:10:5-76
35-->[com.ruixue:rxsdk_alimobile:3.7.36-beta1] AndroidManifest.xml:10:22-73
36    <uses-permission android:name="android.permission.ACCESS_NETWORK_STATE" /> <!-- 检查网络状态 -->
36-->[com.ruixue:rxsdk_alimobile:3.7.36-beta1] AndroidManifest.xml:11:5-79
36-->[com.ruixue:rxsdk_alimobile:3.7.36-beta1] AndroidManifest.xml:11:22-76
37    <uses-permission android:name="android.permission.CHANGE_NETWORK_STATE" /> <!-- 切换网络通道 -->
37-->[com.ruixue:rxsdk_alimobile:3.7.36-beta1] AndroidManifest.xml:12:5-79
37-->[com.ruixue:rxsdk_alimobile:3.7.36-beta1] AndroidManifest.xml:12:22-76
38    <uses-permission android:name="android.permission.WRITE_EXTERNAL_STORAGE" /> <!-- 本地信息缓存 -->
38-->[com.ruixue:rxsdk_alimobile:3.7.36-beta1] AndroidManifest.xml:13:5-81
38-->[com.ruixue:rxsdk_alimobile:3.7.36-beta1] AndroidManifest.xml:13:22-78
39    <uses-permission android:name="android.permission.CHANGE_WIFI_STATE" />
39-->[com.ruixue:rxsdk_alimobile:3.7.36-beta1] AndroidManifest.xml:14:5-76
39-->[com.ruixue:rxsdk_alimobile:3.7.36-beta1] AndroidManifest.xml:14:22-73
40    <uses-permission android:name="android.permission.READ_EXTERNAL_STORAGE" />
41    <uses-permission android:name="com.asus.msa.SupplementaryDID.ACCESS" />
41-->[com.ruixue:rxsdk_base:3.7.36-beta1] AndroidManifest.xml:14:5-76
41-->[com.ruixue:rxsdk_base:3.7.36-beta1] AndroidManifest.xml:14:22-73
42    <uses-permission android:name="freemme.permission.msa" />
42-->[com.ruixue:rxsdk_base:3.7.36-beta1] AndroidManifest.xml:15:5-62
42-->[com.ruixue:rxsdk_base:3.7.36-beta1] AndroidManifest.xml:15:22-59
43
44    <permission
44-->[androidx.core:core:1.9.0] AndroidManifest.xml:22:5-24:47
45        android:name="com.ruixue.rxsdkdemo.DYNAMIC_RECEIVER_NOT_EXPORTED_PERMISSION"
45-->[androidx.core:core:1.9.0] AndroidManifest.xml:23:9-81
46        android:protectionLevel="signature" />
46-->[androidx.core:core:1.9.0] AndroidManifest.xml:24:9-44
47
48    <uses-permission android:name="com.ruixue.rxsdkdemo.DYNAMIC_RECEIVER_NOT_EXPORTED_PERMISSION" />
48-->[androidx.core:core:1.9.0] AndroidManifest.xml:26:5-97
48-->[androidx.core:core:1.9.0] AndroidManifest.xml:26:22-94
49
50    <application
50-->src/main/AndroidManifest.xml:12:5-47:19
51        android:name="com.ruixue.rxsdkdemo.DemoApplication"
51-->src/main/AndroidManifest.xml:13:9-40
52        android:allowBackup="true"
52-->src/main/AndroidManifest.xml:14:9-35
53        android:appComponentFactory="androidx.core.app.CoreComponentFactory"
53-->[androidx.core:core:1.9.0] AndroidManifest.xml:28:18-86
54        android:debuggable="true"
55        android:icon="@mipmap/ic_launcher"
55-->src/main/AndroidManifest.xml:15:9-43
56        android:label="@string/app_name"
56-->src/main/AndroidManifest.xml:16:9-41
57        android:requestLegacyExternalStorage="true"
57-->[com.ruixue:rxsdk_base:3.7.36-beta1] AndroidManifest.xml:43:9-52
58        android:roundIcon="@mipmap/ic_launcher"
58-->src/main/AndroidManifest.xml:17:9-48
59        android:supportsRtl="true"
59-->src/main/AndroidManifest.xml:18:9-35
60        android:theme="@style/Theme.RXSDKDemo"
60-->src/main/AndroidManifest.xml:19:9-47
61        android:usesCleartextTraffic="true" >
61-->[com.ruixue:rxsdk_base:3.7.36-beta1] AndroidManifest.xml:44:9-44
62        <activity
62-->src/main/AndroidManifest.xml:22:9-30:20
63            android:name="com.ruixue.rxsdkdemo.MainActivity"
63-->src/main/AndroidManifest.xml:23:13-41
64            android:exported="true"
64-->src/main/AndroidManifest.xml:24:13-36
65            android:theme="@style/Theme.RXSDKDemo" >
65-->src/main/AndroidManifest.xml:25:13-51
66            <intent-filter>
66-->src/main/AndroidManifest.xml:26:13-29:29
67                <action android:name="android.intent.action.MAIN" />
67-->src/main/AndroidManifest.xml:27:17-69
67-->src/main/AndroidManifest.xml:27:25-66
68
69                <category android:name="android.intent.category.LAUNCHER" />
69-->src/main/AndroidManifest.xml:28:17-77
69-->src/main/AndroidManifest.xml:28:27-74
70            </intent-filter>
71        </activity>
72        <activity
72-->src/main/AndroidManifest.xml:32:9-35:54
73            android:name="com.ruixue.rxsdkdemo.ServicesActivity"
73-->src/main/AndroidManifest.xml:33:13-45
74            android:exported="false"
74-->src/main/AndroidManifest.xml:34:13-37
75            android:theme="@style/Theme.RXSDKDemo" />
75-->src/main/AndroidManifest.xml:35:13-51
76        <activity
76-->src/main/AndroidManifest.xml:37:9-40:54
77            android:name="com.ruixue.rxsdkdemo.LoginActivity"
77-->src/main/AndroidManifest.xml:38:13-42
78            android:exported="false"
78-->src/main/AndroidManifest.xml:39:13-37
79            android:theme="@style/Theme.RXSDKDemo" />
79-->src/main/AndroidManifest.xml:40:13-51
80        <activity
80-->src/main/AndroidManifest.xml:42:9-45:54
81            android:name="com.ruixue.rxsdkdemo.WebViewActivity"
81-->src/main/AndroidManifest.xml:43:13-44
82            android:exported="false"
82-->src/main/AndroidManifest.xml:44:13-37
83            android:theme="@style/Theme.RXSDKDemo" />
83-->src/main/AndroidManifest.xml:45:13-51
84
85        <meta-data
85-->[com.ruixue:rxsdk_h5pay:3.7.36-beta1] AndroidManifest.xml:10:9-12:58
86            android:name="RX_PLUGIN_HQ"
86-->[com.ruixue:rxsdk_h5pay:3.7.36-beta1] AndroidManifest.xml:11:13-40
87            android:value="com.ruixue.hq.HQSdkWrapper" />
87-->[com.ruixue:rxsdk_h5pay:3.7.36-beta1] AndroidManifest.xml:12:13-55
88        <meta-data
88-->[com.ruixue:rxsdk_alimobile:3.7.36-beta1] AndroidManifest.xml:17:9-19:67
89            android:name="RX_PLUGIN_ALIAUTH"
89-->[com.ruixue:rxsdk_alimobile:3.7.36-beta1] AndroidManifest.xml:18:13-45
90            android:value="com.ruixue.aliqin.AliAuthSdkWrapper" /> <!-- 联通电信授权页 -->
90-->[com.ruixue:rxsdk_alimobile:3.7.36-beta1] AndroidManifest.xml:19:13-64
91        <activity
91-->[com.ruixue:rxsdk_alimobile:3.7.36-beta1] AndroidManifest.xml:21:9-26:65
92            android:name="com.mobile.auth.gatewayauth.LoginAuthActivity"
92-->[com.ruixue:rxsdk_alimobile:3.7.36-beta1] AndroidManifest.xml:22:13-73
93            android:configChanges="orientation|keyboardHidden|screenSize"
93-->[com.ruixue:rxsdk_alimobile:3.7.36-beta1] AndroidManifest.xml:23:13-74
94            android:exported="false"
94-->[com.ruixue:rxsdk_alimobile:3.7.36-beta1] AndroidManifest.xml:24:13-37
95            android:launchMode="singleTask"
95-->[com.ruixue:rxsdk_alimobile:3.7.36-beta1] AndroidManifest.xml:25:13-44
96            android:theme="@style/authsdk_activity_dialog_rx" /> <!-- 协议页面webview -->
96-->[com.ruixue:rxsdk_alimobile:3.7.36-beta1] AndroidManifest.xml:26:13-62
97        <activity
97-->[com.ruixue:rxsdk_alimobile:3.7.36-beta1] AndroidManifest.xml:28:9-33:50
98            android:name="com.mobile.auth.gatewayauth.activity.AuthWebVeiwActivity"
98-->[com.ruixue:rxsdk_alimobile:3.7.36-beta1] AndroidManifest.xml:29:13-84
99            android:configChanges="orientation|keyboardHidden|screenSize"
99-->[com.ruixue:rxsdk_alimobile:3.7.36-beta1] AndroidManifest.xml:30:13-74
100            android:exported="false"
100-->[com.ruixue:rxsdk_alimobile:3.7.36-beta1] AndroidManifest.xml:31:13-37
101            android:launchMode="singleTask"
101-->[com.ruixue:rxsdk_alimobile:3.7.36-beta1] AndroidManifest.xml:32:13-44
102            android:screenOrientation="behind" />
102-->[com.ruixue:rxsdk_alimobile:3.7.36-beta1] AndroidManifest.xml:33:13-47
103        <activity
103-->[com.ruixue:rxsdk_alimobile:3.7.36-beta1] AndroidManifest.xml:34:9-40:62
104            android:name="com.mobile.auth.gatewayauth.PrivacyDialogActivity"
104-->[com.ruixue:rxsdk_alimobile:3.7.36-beta1] AndroidManifest.xml:35:13-77
105            android:configChanges="orientation|keyboardHidden|screenSize"
105-->[com.ruixue:rxsdk_alimobile:3.7.36-beta1] AndroidManifest.xml:36:13-74
106            android:exported="false"
106-->[com.ruixue:rxsdk_alimobile:3.7.36-beta1] AndroidManifest.xml:37:13-37
107            android:launchMode="singleTop"
107-->[com.ruixue:rxsdk_alimobile:3.7.36-beta1] AndroidManifest.xml:38:13-43
108            android:screenOrientation="behind"
108-->[com.ruixue:rxsdk_alimobile:3.7.36-beta1] AndroidManifest.xml:39:13-47
109            android:theme="@style/authsdk_activity_dialog" />
109-->[com.ruixue:rxsdk_alimobile:3.7.36-beta1] AndroidManifest.xml:40:13-59
110        <activity
110-->[com.ruixue:rxsdk_alimobile:3.7.36-beta1] AndroidManifest.xml:41:9-53:20
111            android:name="com.ruixue.aliqin.PrivacyDetailActivity"
111-->[com.ruixue:rxsdk_alimobile:3.7.36-beta1] AndroidManifest.xml:42:13-67
112            android:configChanges="orientation|screenSize|keyboardHidden|screenLayout|navigation|smallestScreenSize|fontScale"
112-->[com.ruixue:rxsdk_alimobile:3.7.36-beta1] AndroidManifest.xml:43:13-127
113            android:exported="false"
113-->[com.ruixue:rxsdk_alimobile:3.7.36-beta1] AndroidManifest.xml:44:13-37
114            android:launchMode="singleTask"
114-->[com.ruixue:rxsdk_alimobile:3.7.36-beta1] AndroidManifest.xml:45:13-44
115            android:screenOrientation="behind"
115-->[com.ruixue:rxsdk_alimobile:3.7.36-beta1] AndroidManifest.xml:46:13-47
116            android:theme="@style/authsdk_activity_dialog" >
116-->[com.ruixue:rxsdk_alimobile:3.7.36-beta1] AndroidManifest.xml:47:13-59
117            <intent-filter>
117-->[com.ruixue:rxsdk_alimobile:3.7.36-beta1] AndroidManifest.xml:48:13-52:29
118                <action android:name="com.aliqin.mytel.protocolWeb" />
118-->[com.ruixue:rxsdk_alimobile:3.7.36-beta1] AndroidManifest.xml:49:17-71
118-->[com.ruixue:rxsdk_alimobile:3.7.36-beta1] AndroidManifest.xml:49:25-68
119
120                <category android:name="android.intent.category.DEFAULT" />
120-->[com.ruixue:rxsdk_alimobile:3.7.36-beta1] AndroidManifest.xml:51:17-76
120-->[com.ruixue:rxsdk_alimobile:3.7.36-beta1] AndroidManifest.xml:51:27-73
121            </intent-filter>
122        </activity>
123        <activity
123-->[com.ruixue:rxsdk_base_ui:3.7.36-beta1] AndroidManifest.xml:15:9-21:72
124            android:name="com.ruixue.realauth.IdCardKeyboardActivity"
124-->[com.ruixue:rxsdk_base_ui:3.7.36-beta1] AndroidManifest.xml:16:13-70
125            android:excludeFromRecents="true"
125-->[com.ruixue:rxsdk_base_ui:3.7.36-beta1] AndroidManifest.xml:17:13-46
126            android:exported="false"
126-->[com.ruixue:rxsdk_base_ui:3.7.36-beta1] AndroidManifest.xml:18:13-37
127            android:launchMode="singleTop"
127-->[com.ruixue:rxsdk_base_ui:3.7.36-beta1] AndroidManifest.xml:19:13-43
128            android:taskAffinity=""
128-->[com.ruixue:rxsdk_base_ui:3.7.36-beta1] AndroidManifest.xml:20:13-36
129            android:theme="@style/RuiXueIdCardKeyboardActivityTheme" />
129-->[com.ruixue:rxsdk_base_ui:3.7.36-beta1] AndroidManifest.xml:21:13-69
130
131        <meta-data
131-->[com.ruixue:rxsdk_weixin_withpay:3.7.36-beta1] AndroidManifest.xml:18:9-20:67
132            android:name="RX_WECHAT_PAY"
132-->[com.ruixue:rxsdk_weixin_withpay:3.7.36-beta1] AndroidManifest.xml:19:13-41
133            android:value="com.ruixue.wechat.WechatBillingImpl" />
133-->[com.ruixue:rxsdk_weixin_withpay:3.7.36-beta1] AndroidManifest.xml:20:13-64
134        <meta-data
134-->[com.ruixue:rxsdk_weixin:3.7.36-beta1] AndroidManifest.xml:18:9-20:62
135            android:name="RX_PLUGIN_WECHAT"
135-->[com.ruixue:rxsdk_weixin:3.7.36-beta1] AndroidManifest.xml:19:13-44
136            android:value="com.ruixue.wechat.WXSdkWrapper" /> <!-- 表示当前项目已经适配了分区存储特性 -->
136-->[com.ruixue:rxsdk_weixin:3.7.36-beta1] AndroidManifest.xml:20:13-59
137        <meta-data
137-->[com.ruixue:rxsdk_base:3.7.36-beta1] AndroidManifest.xml:48:9-50:36
138            android:name="ScopedStorage"
138-->[com.ruixue:rxsdk_base:3.7.36-beta1] AndroidManifest.xml:49:13-41
139            android:value="true" />
139-->[com.ruixue:rxsdk_base:3.7.36-beta1] AndroidManifest.xml:50:13-33
140
141        <activity
141-->[com.ruixue:rxsdk_base:3.7.36-beta1] AndroidManifest.xml:52:9-57:75
142            android:name="com.ruixue.callback.RXEntryActivity"
142-->[com.ruixue:rxsdk_base:3.7.36-beta1] AndroidManifest.xml:53:13-63
143            android:enabled="true"
143-->[com.ruixue:rxsdk_base:3.7.36-beta1] AndroidManifest.xml:54:13-35
144            android:exported="true"
144-->[com.ruixue:rxsdk_base:3.7.36-beta1] AndroidManifest.xml:55:13-36
145            android:launchMode="singleTask"
145-->[com.ruixue:rxsdk_base:3.7.36-beta1] AndroidManifest.xml:56:13-44
146            android:theme="@android:style/Theme.Translucent.NoTitleBar" />
146-->[com.ruixue:rxsdk_base:3.7.36-beta1] AndroidManifest.xml:57:13-72
147
148        <provider
148-->[com.ruixue:rxsdk_base:3.7.36-beta1] AndroidManifest.xml:59:9-67:20
149            android:name="com.ruixue.internal.RXFileProvider"
149-->[com.ruixue:rxsdk_base:3.7.36-beta1] AndroidManifest.xml:60:13-62
150            android:authorities="com.ruixue.rxsdkdemo.rxfileprovider"
150-->[com.ruixue:rxsdk_base:3.7.36-beta1] AndroidManifest.xml:61:13-66
151            android:exported="false"
151-->[com.ruixue:rxsdk_base:3.7.36-beta1] AndroidManifest.xml:62:13-37
152            android:grantUriPermissions="true" >
152-->[com.ruixue:rxsdk_base:3.7.36-beta1] AndroidManifest.xml:63:13-47
153            <meta-data
153-->[com.ruixue:rxsdk_base:3.7.36-beta1] AndroidManifest.xml:64:13-66:66
154                android:name="android.support.FILE_PROVIDER_PATHS"
154-->[com.ruixue:rxsdk_base:3.7.36-beta1] AndroidManifest.xml:65:17-67
155                android:resource="@xml/rx_file_provider_paths" />
155-->[com.ruixue:rxsdk_base:3.7.36-beta1] AndroidManifest.xml:66:17-63
156        </provider>
157        <provider
157-->[androidx.emoji2:emoji2:1.2.0] AndroidManifest.xml:24:9-32:20
158            android:name="androidx.startup.InitializationProvider"
158-->[androidx.emoji2:emoji2:1.2.0] AndroidManifest.xml:25:13-67
159            android:authorities="com.ruixue.rxsdkdemo.androidx-startup"
159-->[androidx.emoji2:emoji2:1.2.0] AndroidManifest.xml:26:13-68
160            android:exported="false" >
160-->[androidx.emoji2:emoji2:1.2.0] AndroidManifest.xml:27:13-37
161            <meta-data
161-->[androidx.emoji2:emoji2:1.2.0] AndroidManifest.xml:29:13-31:52
162                android:name="androidx.emoji2.text.EmojiCompatInitializer"
162-->[androidx.emoji2:emoji2:1.2.0] AndroidManifest.xml:30:17-75
163                android:value="androidx.startup" />
163-->[androidx.emoji2:emoji2:1.2.0] AndroidManifest.xml:31:17-49
164            <meta-data
164-->[androidx.lifecycle:lifecycle-process:2.4.1] AndroidManifest.xml:31:13-33:52
165                android:name="androidx.lifecycle.ProcessLifecycleInitializer"
165-->[androidx.lifecycle:lifecycle-process:2.4.1] AndroidManifest.xml:32:17-78
166                android:value="androidx.startup" />
166-->[androidx.lifecycle:lifecycle-process:2.4.1] AndroidManifest.xml:33:17-49
167        </provider>
168    </application>
169
170</manifest>